Using pre-set license
Built from '2020.3/staging' branch; Version is '2020.3.24f1 (79c78de19888) revision 7980941'; Using compiler version '192528614'; Build Type 'Release'
OS: 'Windows 10  (10.0.19043) 64bit Professional' Language: 'ru' Physical Memory: 16147 MB
BatchMode: 1, IsHumanControllingUs: 0, StartBugReporterOnCrash: 0, Is64bit: 1, IsPro: 0

COMMAND LINE ARGUMENTS:
C:\Program Files\Unity\Hub\Editor\2020.3.24f1\Editor\Unity.exe
-adb2
-batchMode
-noUpm
-name
AssetImportWorker0
-projectPath
C:/Users/SOCHNIK/Downloads/tplab5-main/LearnShaderGraph
-logFile
Logs/AssetImportWorker0.log
-srvPort
49861
Successfully changed project path to: C:/Users/SOCHNIK/Downloads/tplab5-main/LearnShaderGraph
C:/Users/SOCHNIK/Downloads/tplab5-main/LearnShaderGraph
Using Asset Import Pipeline V2.
Refreshing native plugins compatible for Editor in 24.68 ms, found 2 plugins.
Preloading 0 native plugins for Editor in 0.00 ms.
Initialize engine version: 2020.3.24f1 (79c78de19888)
[Subsystems] Discovering subsystems at path C:/Program Files/Unity/Hub/Editor/2020.3.24f1/Editor/Data/Resources/UnitySubsystems
[Subsystems] Discovering subsystems at path C:/Users/SOCHNIK/Downloads/tplab5-main/LearnShaderGraph/Assets
GfxDevice: creating device client; threaded=0
Direct3D:
    Version:  Direct3D 11.0 [level 11.1]
    Renderer: NVIDIA GeForce RTX 3050 Ti Laptop GPU (ID=0x25a0)
    Vendor:   
    VRAM:     3990 MB
    Driver:   27.21.14.6262
Initialize mono
Mono path[0] = 'C:/Program Files/Unity/Hub/Editor/2020.3.24f1/Editor/Data/Managed'
Mono path[1] = 'C:/Program Files/Unity/Hub/Editor/2020.3.24f1/Editor/Data/MonoBleedingEdge/lib/mono/unityjit'
Mono config path = 'C:/Program Files/Unity/Hub/Editor/2020.3.24f1/Editor/Data/MonoBleedingEdge/etc'
Using monoOptions --debugger-agent=transport=dt_socket,embedding=1,server=y,suspend=n,address=127.0.0.1:56024
Begin MonoManager ReloadAssembly
Registering precompiled unity dll's ...
Register platform support module: C:/Program Files/Unity/Hub/Editor/2020.3.24f1/Editor/Data/PlaybackEngines/WindowsStandaloneSupport/UnityEditor.WindowsStandalone.Extensions.dll
Register platform support module: C:/Program Files/Unity/Hub/Editor/2020.3.24f1/Editor/Data/PlaybackEngines/LinuxStandaloneSupport/UnityEditor.LinuxStandalone.Extensions.dll
Registered in 0.001516 seconds.
Native extension for LinuxStandalone target not found
Native extension for WindowsStandalone target not found
Refreshing native plugins compatible for Editor in 24.35 ms, found 2 plugins.
Preloading 0 native plugins for Editor in 0.00 ms.
Mono: successfully reloaded assembly
- Completed reload, in  0.440 seconds
Domain Reload Profiling:
	ReloadAssembly (440ms)
		BeginReloadAssembly (39ms)
			ExecutionOrderSort (0ms)
			DisableScriptedObjects (0ms)
			BackupInstance (0ms)
			ReleaseScriptingObjects (0ms)
			CreateAndSetChildDomain (1ms)
		EndReloadAssembly (345ms)
			LoadAssemblies (38ms)
			RebuildTransferFunctionScriptingTraits (0ms)
			SetupTypeCache (110ms)
			ReleaseScriptCaches (0ms)
			RebuildScriptCaches (31ms)
			SetupLoadedEditorAssemblies (131ms)
				LogAssemblyErrors (0ms)
				InitializePlatformSupportModulesInManaged (5ms)
				SetLoadedEditorAssemblies (0ms)
				RefreshPlugins (24ms)
				BeforeProcessingInitializeOnLoad (13ms)
				ProcessInitializeOnLoadAttributes (67ms)
				ProcessInitializeOnLoadMethodAttributes (21ms)
				AfterProcessingInitializeOnLoad (0ms)
				EditorAssembliesLoaded (0ms)
			ExecutionOrderSort2 (0ms)
			AwakeInstancesAfterBackupRestoration (0ms)
Platform modules already initialized, skipping
Registering precompiled user dll's ...
Registered in 0.002581 seconds.
Begin MonoManager ReloadAssembly
Native extension for LinuxStandalone target not found
Native extension for WindowsStandalone target not found
Refreshing native plugins compatible for Editor in 0.34 ms, found 2 plugins.
Preloading 0 native plugins for Editor in 0.00 ms.
Mono: successfully reloaded assembly
- Completed reload, in  0.770 seconds
Domain Reload Profiling:
	ReloadAssembly (770ms)
		BeginReloadAssembly (106ms)
			ExecutionOrderSort (0ms)
			DisableScriptedObjects (4ms)
			BackupInstance (0ms)
			ReleaseScriptingObjects (0ms)
			CreateAndSetChildDomain (17ms)
		EndReloadAssembly (618ms)
			LoadAssemblies (61ms)
			RebuildTransferFunctionScriptingTraits (0ms)
			SetupTypeCache (202ms)
			ReleaseScriptCaches (0ms)
			RebuildScriptCaches (37ms)
			SetupLoadedEditorAssemblies (248ms)
				LogAssemblyErrors (0ms)
				InitializePlatformSupportModulesInManaged (5ms)
				SetLoadedEditorAssemblies (0ms)
				RefreshPlugins (0ms)
				BeforeProcessingInitializeOnLoad (67ms)
				ProcessInitializeOnLoadAttributes (164ms)
				ProcessInitializeOnLoadMethodAttributes (7ms)
				AfterProcessingInitializeOnLoad (4ms)
				EditorAssembliesLoaded (0ms)
			ExecutionOrderSort2 (0ms)
			AwakeInstancesAfterBackupRestoration (5ms)
Platform modules already initialized, skipping
========================================================================
Worker process is ready to serve import requests
Launched and connected shader compiler UnityShaderCompiler.exe after 0.04 seconds
Refreshing native plugins compatible for Editor in 0.29 ms, found 2 plugins.
Preloading 0 native plugins for Editor in 0.00 ms.
Unloading 1500 Unused Serialized files (Serialized files now loaded: 0)
System memory in use before: 67.4 MB.
System memory in use after: 67.5 MB.

Unloading 19 unused Assets to reduce memory usage. Loaded Objects now: 1932.
Total: 2.057500 ms (FindLiveObjects: 0.117700 ms CreateObjectMapping: 0.025700 ms MarkObjects: 1.847700 ms  DeleteObjects: 0.065000 ms)

AssetImportParameters requested are different than current active one (requested -> active):
  custom:framework-win-MediaFoundation: 216162199b28c13a410421893ffa2e32 -> 
  custom:video-decoder-ogg-theora: a1e56fd34408186e4bbccfd4996cb3dc -> 
  custom:container-muxer-webm: aa71ff27fc2769a1b78a27578f13a17b -> 
  custom:container-demuxer-webm: 4f35f7cbe854078d1ac9338744f61a02 -> 
  custom:container-demuxer-ogg: 62fdf1f143b41e24485cea50d1cbac27 -> 
  custom:video-encoder-webm-vp8: eb34c28f22e8b96e1ab97ce403110664 -> 
  custom:video-decoder-webm-vp8: 9c59270c3fd7afecdb556c50c9e8de78 -> 
  custom:audio-decoder-ogg-vorbis: bf7c407c2cedff20999df2af8eb42d56 -> 
  custom:audio-encoder-webm-vorbis: bf7c407c2cedff20999df2af8eb42d56 -> 
========================================================================
Received Import Request.
  path: Assets/Gradient.png
  artifactKey: Guid(1ac9e220703376942a1170ae7c69f92b) Importer(815301076,1909f56bfc062723c751e8b465ee728b)
Start importing Assets/Gradient.png using Guid(1ac9e220703376942a1170ae7c69f92b) Importer(815301076,1909f56bfc062723c751e8b465ee728b)  -> (artifact id: '2656636d1adbb53447551b51246fe68d') in 0.072013 seconds 
  Import took 0.074551 seconds .

========================================================================
Received Import Request.
  Time since last request: 59.483526 seconds.
  path: Assets
  artifactKey: Guid(00000000000000001000000000000000) Importer(815301076,1909f56bfc062723c751e8b465ee728b)
Start importing Assets using Guid(00000000000000001000000000000000) Importer(815301076,1909f56bfc062723c751e8b465ee728b)  -> (artifact id: '42d402b061de3733987d63b9cc3b64de') in 0.006357 seconds 
  Import took 0.008680 seconds .

========================================================================
Received Import Request.
  Time since last request: 11.489422 seconds.
  path: Assets/ShaderGraph
  artifactKey: Guid(ea41135f85d4d80478d41bdadde5f933) Importer(815301076,1909f56bfc062723c751e8b465ee728b)
Start importing Assets/ShaderGraph using Guid(ea41135f85d4d80478d41bdadde5f933) Importer(815301076,1909f56bfc062723c751e8b465ee728b)  -> (artifact id: 'b2b2be02497024e3703df7bfcf7b3b5a') in 0.006993 seconds 
  Import took 0.009457 seconds .

========================================================================
Received Import Request.
  Time since last request: 74.729325 seconds.
  path: Assets/NewUnlitShader.shader
  artifactKey: Guid(c9515f64e97ac584183cea5506ad7c6c) Importer(815301076,1909f56bfc062723c751e8b465ee728b)
Start importing Assets/NewUnlitShader.shader using Guid(c9515f64e97ac584183cea5506ad7c6c) Importer(815301076,1909f56bfc062723c751e8b465ee728b)  -> (artifact id: '488129318dcb3dd35ddeeb1dfb0d6ca3') in 0.011108 seconds 
  Import took 0.013651 seconds .

========================================================================
Received Import Request.
  Time since last request: 7.838071 seconds.
  path: Assets/CheckerShader.shader
  artifactKey: Guid(c9515f64e97ac584183cea5506ad7c6c) Importer(815301076,1909f56bfc062723c751e8b465ee728b)
Start importing Assets/CheckerShader.shader using Guid(c9515f64e97ac584183cea5506ad7c6c) Importer(815301076,1909f56bfc062723c751e8b465ee728b)  -> (artifact id: '89ad17f137fc28a408322f281d30e5f7') in 0.007020 seconds 
  Import took 0.009151 seconds .

========================================================================
Received Prepare
Registering precompiled user dll's ...
Registered in 0.003127 seconds.
Begin MonoManager ReloadAssembly
Native extension for LinuxStandalone target not found
Native extension for WindowsStandalone target not found
Refreshing native plugins compatible for Editor in 61.22 ms, found 2 plugins.
Preloading 0 native plugins for Editor in 0.00 ms.
Mono: successfully reloaded assembly
- Completed reload, in  1.008 seconds
Domain Reload Profiling:
	ReloadAssembly (1009ms)
		BeginReloadAssembly (96ms)
			ExecutionOrderSort (0ms)
			DisableScriptedObjects (4ms)
			BackupInstance (0ms)
			ReleaseScriptingObjects (0ms)
			CreateAndSetChildDomain (30ms)
		EndReloadAssembly (857ms)
			LoadAssemblies (70ms)
			RebuildTransferFunctionScriptingTraits (0ms)
			SetupTypeCache (285ms)
			ReleaseScriptCaches (1ms)
			RebuildScriptCaches (38ms)
			SetupLoadedEditorAssemblies (358ms)
				LogAssemblyErrors (0ms)
				InitializePlatformSupportModulesInManaged (6ms)
				SetLoadedEditorAssemblies (0ms)
				RefreshPlugins (61ms)
				BeforeProcessingInitializeOnLoad (59ms)
				ProcessInitializeOnLoadAttributes (219ms)
				ProcessInitializeOnLoadMethodAttributes (10ms)
				AfterProcessingInitializeOnLoad (4ms)
				EditorAssembliesLoaded (0ms)
			ExecutionOrderSort2 (0ms)
			AwakeInstancesAfterBackupRestoration (5ms)
Platform modules already initialized, skipping
Shader 'HDRP/TerrainLit': dependency 'BaseMapGenShader' shader 'Hidden/HDRP/TerrainLit_BasemapGen' not found
Refreshing native plugins compatible for Editor in 0.87 ms, found 2 plugins.
Preloading 0 native plugins for Editor in 0.00 ms.
Unloading 3546 Unused Serialized files (Serialized files now loaded: 0)
System memory in use before: 148.8 MB.
System memory in use after: 140.3 MB.

Unloading 108 unused Assets to reduce memory usage. Loaded Objects now: 3894.
Total: 7.935400 ms (FindLiveObjects: 0.296900 ms CreateObjectMapping: 0.160100 ms MarkObjects: 2.844100 ms  DeleteObjects: 4.632400 ms)

AssetImportParameters requested are different than current active one (requested -> active):
  custom:framework-win-MediaFoundation: 216162199b28c13a410421893ffa2e32 -> 
  custom:video-decoder-ogg-theora: a1e56fd34408186e4bbccfd4996cb3dc -> 
  custom:container-muxer-webm: aa71ff27fc2769a1b78a27578f13a17b -> 
  custom:container-demuxer-webm: 4f35f7cbe854078d1ac9338744f61a02 -> 
  custom:container-demuxer-ogg: 62fdf1f143b41e24485cea50d1cbac27 -> 
  custom:video-encoder-webm-vp8: eb34c28f22e8b96e1ab97ce403110664 -> 
  custom:video-decoder-webm-vp8: 9c59270c3fd7afecdb556c50c9e8de78 -> 
  custom:audio-decoder-ogg-vorbis: bf7c407c2cedff20999df2af8eb42d56 -> 
  custom:audio-encoder-webm-vorbis: bf7c407c2cedff20999df2af8eb42d56 -> 
========================================================================
Received Import Request.
  Time since last request: 407.034288 seconds.
  path: Assets/Gradient.png
  artifactKey: Guid(1ac9e220703376942a1170ae7c69f92b) Importer(815301076,1909f56bfc062723c751e8b465ee728b)
Start importing Assets/Gradient.png using Guid(1ac9e220703376942a1170ae7c69f92b) Importer(815301076,1909f56bfc062723c751e8b465ee728b)  -> (artifact id: 'a7eeaa711c1bda3d4e4bd938c2160271') in 0.042666 seconds 
  Import took 0.048558 seconds .

========================================================================
Received Prepare
Registering precompiled user dll's ...
Registered in 0.003136 seconds.
Begin MonoManager ReloadAssembly
Native extension for LinuxStandalone target not found
Native extension for WindowsStandalone target not found
Refreshing native plugins compatible for Editor in 0.69 ms, found 2 plugins.
Preloading 0 native plugins for Editor in 0.00 ms.
Mono: successfully reloaded assembly
- Completed reload, in  0.921 seconds
Domain Reload Profiling:
	ReloadAssembly (922ms)
		BeginReloadAssembly (89ms)
			ExecutionOrderSort (0ms)
			DisableScriptedObjects (4ms)
			BackupInstance (0ms)
			ReleaseScriptingObjects (0ms)
			CreateAndSetChildDomain (34ms)
		EndReloadAssembly (787ms)
			LoadAssemblies (70ms)
			RebuildTransferFunctionScriptingTraits (0ms)
			SetupTypeCache (265ms)
			ReleaseScriptCaches (2ms)
			RebuildScriptCaches (64ms)
			SetupLoadedEditorAssemblies (307ms)
				LogAssemblyErrors (0ms)
				InitializePlatformSupportModulesInManaged (5ms)
				SetLoadedEditorAssemblies (0ms)
				RefreshPlugins (1ms)
				BeforeProcessingInitializeOnLoad (92ms)
				ProcessInitializeOnLoadAttributes (196ms)
				ProcessInitializeOnLoadMethodAttributes (9ms)
				AfterProcessingInitializeOnLoad (4ms)
				EditorAssembliesLoaded (0ms)
			ExecutionOrderSort2 (0ms)
			AwakeInstancesAfterBackupRestoration (5ms)
Platform modules already initialized, skipping
Shader 'Universal Render Pipeline/Nature/SpeedTree7': dependency 'BillboardShader' shader 'Universal Render Pipeline/Nature/SpeedTree7 Billboard' not found
Shader 'Universal Render Pipeline/Terrain/Lit': fallback shader 'Hidden/Universal Render Pipeline/FallbackError' not found
Shader 'Universal Render Pipeline/Terrain/Lit': dependency 'AddPassShader' shader 'Hidden/Universal Render Pipeline/Terrain/Lit (Add Pass)' not found
Shader 'Universal Render Pipeline/Terrain/Lit': dependency 'BaseMapShader' shader 'Hidden/Universal Render Pipeline/Terrain/Lit (Base Pass)' not found
Shader 'Universal Render Pipeline/Terrain/Lit': dependency 'BaseMapGenShader' shader 'Hidden/Universal Render Pipeline/Terrain/Lit (Basemap Gen)' not found
Shader 'Hidden/Universal Render Pipeline/Terrain/Lit (Base Pass)': fallback shader 'Hidden/Universal Render Pipeline/FallbackError' not found
Shader 'Hidden/Universal Render Pipeline/Terrain/Lit (Add Pass)': fallback shader 'Hidden/Universal Render Pipeline/FallbackError' not found
Shader 'Universal Render Pipeline/Complex Lit': fallback shader 'Hidden/Universal Render Pipeline/FallbackError' not found
Shader 'Universal Render Pipeline/Lit': fallback shader 'Hidden/Universal Render Pipeline/FallbackError' not found
Shader 'Universal Render Pipeline/Unlit': fallback shader 'Hidden/Universal Render Pipeline/FallbackError' not found
Shader 'Hidden/Universal Render Pipeline/StencilDeferred': fallback shader 'Hidden/Universal Render Pipeline/FallbackError' not found
Shader 'Universal Render Pipeline/Simple Lit': fallback shader 'Hidden/Universal Render Pipeline/FallbackError' not found
Refreshing native plugins compatible for Editor in 0.70 ms, found 2 plugins.
Preloading 0 native plugins for Editor in 0.00 ms.
Unloading 4002 Unused Serialized files (Serialized files now loaded: 0)
System memory in use before: 177.1 MB.
System memory in use after: 164.4 MB.

Unloading 157 unused Assets to reduce memory usage. Loaded Objects now: 4303.
Total: 7.871600 ms (FindLiveObjects: 0.250900 ms CreateObjectMapping: 0.098300 ms MarkObjects: 2.352800 ms  DeleteObjects: 5.168700 ms)

AssetImportParameters requested are different than current active one (requested -> active):
  custom:framework-win-MediaFoundation: 216162199b28c13a410421893ffa2e32 -> 
  custom:video-decoder-ogg-theora: a1e56fd34408186e4bbccfd4996cb3dc -> 
  custom:container-muxer-webm: aa71ff27fc2769a1b78a27578f13a17b -> 
  custom:container-demuxer-webm: 4f35f7cbe854078d1ac9338744f61a02 -> 
  custom:container-demuxer-ogg: 62fdf1f143b41e24485cea50d1cbac27 -> 
  custom:video-encoder-webm-vp8: eb34c28f22e8b96e1ab97ce403110664 -> 
  custom:video-decoder-webm-vp8: 9c59270c3fd7afecdb556c50c9e8de78 -> 
  custom:audio-decoder-ogg-vorbis: bf7c407c2cedff20999df2af8eb42d56 -> 
  custom:audio-encoder-webm-vorbis: bf7c407c2cedff20999df2af8eb42d56 -> 
========================================================================
Received Import Request.
  Time since last request: 526.363523 seconds.
  path: Assets/ShaderGraph/HDPipeline.asset
  artifactKey: Guid(d5678acd3a7f93e4eb9b6bb12779000d) Importer(815301076,1909f56bfc062723c751e8b465ee728b)
Start importing Assets/ShaderGraph/HDPipeline.asset using Guid(d5678acd3a7f93e4eb9b6bb12779000d) Importer(815301076,1909f56bfc062723c751e8b465ee728b)  -> (artifact id: '8054e9dc2f4ffa5aadd609c5dc335db2') in 0.146654 seconds 
  Import took 0.157512 seconds .

========================================================================
Received Prepare
Registering precompiled user dll's ...
Registered in 0.003102 seconds.
Begin MonoManager ReloadAssembly
Native extension for LinuxStandalone target not found
Native extension for WindowsStandalone target not found
Refreshing native plugins compatible for Editor in 0.68 ms, found 2 plugins.
Preloading 0 native plugins for Editor in 0.00 ms.
Mono: successfully reloaded assembly
- Completed reload, in  0.896 seconds
Domain Reload Profiling:
	ReloadAssembly (896ms)
		BeginReloadAssembly (94ms)
			ExecutionOrderSort (0ms)
			DisableScriptedObjects (4ms)
			BackupInstance (0ms)
			ReleaseScriptingObjects (0ms)
			CreateAndSetChildDomain (37ms)
		EndReloadAssembly (754ms)
			LoadAssemblies (69ms)
			RebuildTransferFunctionScriptingTraits (0ms)
			SetupTypeCache (247ms)
			ReleaseScriptCaches (2ms)
			RebuildScriptCaches (65ms)
			SetupLoadedEditorAssemblies (295ms)
				LogAssemblyErrors (0ms)
				InitializePlatformSupportModulesInManaged (5ms)
				SetLoadedEditorAssemblies (1ms)
				RefreshPlugins (1ms)
				BeforeProcessingInitializeOnLoad (85ms)
				ProcessInitializeOnLoadAttributes (192ms)
				ProcessInitializeOnLoadMethodAttributes (9ms)
				AfterProcessingInitializeOnLoad (4ms)
				EditorAssembliesLoaded (0ms)
			ExecutionOrderSort2 (0ms)
			AwakeInstancesAfterBackupRestoration (5ms)
Platform modules already initialized, skipping
Refreshing native plugins compatible for Editor in 0.97 ms, found 2 plugins.
Preloading 0 native plugins for Editor in 0.00 ms.
Unloading 4010 Unused Serialized files (Serialized files now loaded: 0)
System memory in use before: 177.6 MB.
System memory in use after: 164.8 MB.

Unloading 158 unused Assets to reduce memory usage. Loaded Objects now: 4313.
Total: 8.351800 ms (FindLiveObjects: 0.259200 ms CreateObjectMapping: 0.104300 ms MarkObjects: 2.227900 ms  DeleteObjects: 5.758600 ms)

AssetImportParameters requested are different than current active one (requested -> active):
  custom:framework-win-MediaFoundation: 216162199b28c13a410421893ffa2e32 -> 
  custom:video-decoder-ogg-theora: a1e56fd34408186e4bbccfd4996cb3dc -> 
  custom:container-muxer-webm: aa71ff27fc2769a1b78a27578f13a17b -> 
  custom:container-demuxer-webm: 4f35f7cbe854078d1ac9338744f61a02 -> 
  custom:container-demuxer-ogg: 62fdf1f143b41e24485cea50d1cbac27 -> 
  custom:video-encoder-webm-vp8: eb34c28f22e8b96e1ab97ce403110664 -> 
  custom:video-decoder-webm-vp8: 9c59270c3fd7afecdb556c50c9e8de78 -> 
  custom:audio-decoder-ogg-vorbis: bf7c407c2cedff20999df2af8eb42d56 -> 
  custom:audio-encoder-webm-vorbis: bf7c407c2cedff20999df2af8eb42d56 -> 
========================================================================
Received Import Request.
  Time since last request: 372.196295 seconds.
  path: Assets/ShaderGraph/UniversalRenderPipelineAsset.asset
  artifactKey: Guid(04ccfbdb89fb05f409cad2dd59464510) Importer(815301076,1909f56bfc062723c751e8b465ee728b)
Start importing Assets/ShaderGraph/UniversalRenderPipelineAsset.asset using Guid(04ccfbdb89fb05f409cad2dd59464510) Importer(815301076,1909f56bfc062723c751e8b465ee728b)  -> (artifact id: '44bf0e2971afd766cb805221f4da198b') in 0.050953 seconds 
  Import took 0.058743 seconds .

========================================================================
Received Import Request.
  Time since last request: 0.000228 seconds.
  path: Assets/ShaderGraph/UniversalRenderPipelineAsset_Renderer.asset
  artifactKey: Guid(811b4c68f5fe2f043bad1ce2805469d5) Importer(815301076,1909f56bfc062723c751e8b465ee728b)
Start importing Assets/ShaderGraph/UniversalRenderPipelineAsset_Renderer.asset using Guid(811b4c68f5fe2f043bad1ce2805469d5) Importer(815301076,1909f56bfc062723c751e8b465ee728b)  -> (artifact id: '45b58b6edb6b2ce83612fd56e855d3f8') in 0.026116 seconds 
  Import took 0.032086 seconds .

========================================================================
Received Import Request.
  Time since last request: 38.712950 seconds.
  path: Assets/ShaderGraph/UniversalRenderPipelineAsset 1.asset
  artifactKey: Guid(1d8ef3ac26206f442bdb8670a5af0783) Importer(815301076,1909f56bfc062723c751e8b465ee728b)
Start importing Assets/ShaderGraph/UniversalRenderPipelineAsset 1.asset using Guid(1d8ef3ac26206f442bdb8670a5af0783) Importer(815301076,1909f56bfc062723c751e8b465ee728b)  -> (artifact id: '750489bdcf62bf5cb8dfd8f40510b8b0') in 0.026027 seconds 
  Import took 0.032719 seconds .

========================================================================
Received Import Request.
  Time since last request: 0.000166 seconds.
  path: Assets/ShaderGraph/UniversalRenderPipelineAsset 1_Renderer.asset
  artifactKey: Guid(2b8eaa8666f7d7f439e19ca2abedd111) Importer(815301076,1909f56bfc062723c751e8b465ee728b)
Start importing Assets/ShaderGraph/UniversalRenderPipelineAsset 1_Renderer.asset using Guid(2b8eaa8666f7d7f439e19ca2abedd111) Importer(815301076,1909f56bfc062723c751e8b465ee728b)  -> (artifact id: 'ba9b81f0615d9e6db032af46ee4592cc') in 0.024705 seconds 
  Import took 0.030791 seconds .

========================================================================
Received Import Request.
  Time since last request: 144.010920 seconds.
  path: Assets/ShaderGraph/NewUnlitShader.shader
  artifactKey: Guid(18af0dd030b8f6849afab0f7fac0c3c3) Importer(815301076,1909f56bfc062723c751e8b465ee728b)
Start importing Assets/ShaderGraph/NewUnlitShader.shader using Guid(18af0dd030b8f6849afab0f7fac0c3c3) Importer(815301076,1909f56bfc062723c751e8b465ee728b)  -> (artifact id: '562dd0908f7ccbe5bdfcc7d4a6b44d2e') in 0.007542 seconds 
  Import took 0.012706 seconds .

========================================================================
Received Import Request.
  Time since last request: 36.723766 seconds.
  path: Assets/ShaderGraph/New Shader Graph.shadergraph
  artifactKey: Guid(73214ade54d0ad34284947a44c972362) Importer(815301076,1909f56bfc062723c751e8b465ee728b)
Start importing Assets/ShaderGraph/New Shader Graph.shadergraph using Guid(73214ade54d0ad34284947a44c972362) Importer(815301076,1909f56bfc062723c751e8b465ee728b)  -> (artifact id: 'f131f6087d0a75882c2986c77807cb3d') in 0.009602 seconds 
  Import took 0.015025 seconds .

========================================================================
Received Import Request.
  Time since last request: 756.758907 seconds.
  path: Assets/squares.png
  artifactKey: Guid(eb422772747fed74894fe790b0b57a10) Importer(815301076,1909f56bfc062723c751e8b465ee728b)
Start importing Assets/squares.png using Guid(eb422772747fed74894fe790b0b57a10) Importer(815301076,1909f56bfc062723c751e8b465ee728b)  -> (artifact id: '776852992d6aa18d568df8623981d44b') in 0.034303 seconds 
  Import took 0.041301 seconds .

========================================================================
Received Prepare
Switching render pipeline 00000000000000000000000000000000 -> 04ccfbdb89fb05f409cad2dd59464510
Refreshing native plugins compatible for Editor in 2.89 ms, found 2 plugins.
Preloading 0 native plugins for Editor in 0.00 ms.
Unloading 203 Unused Serialized files (Serialized files now loaded: 0)
System memory in use before: 106.0 MB.
System memory in use after: 94.6 MB.

Unloading 135 unused Assets to reduce memory usage. Loaded Objects now: 4382.
Total: 9.222300 ms (FindLiveObjects: 0.270500 ms CreateObjectMapping: 0.092500 ms MarkObjects: 3.158100 ms  DeleteObjects: 5.700600 ms)

AssetImportParameters requested are different than current active one (requested -> active):
  custom:framework-win-MediaFoundation: 216162199b28c13a410421893ffa2e32 -> 
  custom:video-decoder-ogg-theora: a1e56fd34408186e4bbccfd4996cb3dc -> 
  custom:container-muxer-webm: aa71ff27fc2769a1b78a27578f13a17b -> 
  custom:container-demuxer-webm: 4f35f7cbe854078d1ac9338744f61a02 -> 
  custom:container-demuxer-ogg: 62fdf1f143b41e24485cea50d1cbac27 -> 
  custom:video-encoder-webm-vp8: eb34c28f22e8b96e1ab97ce403110664 -> 
  custom:video-decoder-webm-vp8: 9c59270c3fd7afecdb556c50c9e8de78 -> 
  custom:audio-decoder-ogg-vorbis: bf7c407c2cedff20999df2af8eb42d56 -> 
  custom:audio-encoder-webm-vorbis: bf7c407c2cedff20999df2af8eb42d56 -> 
========================================================================
Received Import Request.
  Time since last request: 861.929170 seconds.
  path: Assets/ShaderGraph/New Material.mat
  artifactKey: Guid(56ca9dc73f31ee847b630a3262f770e9) Importer(815301076,1909f56bfc062723c751e8b465ee728b)
Start importing Assets/ShaderGraph/New Material.mat using Guid(56ca9dc73f31ee847b630a3262f770e9) Importer(815301076,1909f56bfc062723c751e8b465ee728b)  -> (artifact id: '87aa3f4ff5b89c52f1bcaac351cf3462') in 0.176205 seconds 
  Import took 0.183198 seconds .

========================================================================
Received Import Request.
  Time since last request: 0.000214 seconds.
  path: Assets/ShaderGraph/UniversalRenderPipelineAsset.asset
  artifactKey: Guid(04ccfbdb89fb05f409cad2dd59464510) Importer(815301076,1909f56bfc062723c751e8b465ee728b)
Start importing Assets/ShaderGraph/UniversalRenderPipelineAsset.asset using Guid(04ccfbdb89fb05f409cad2dd59464510) Importer(815301076,1909f56bfc062723c751e8b465ee728b)  -> (artifact id: 'cadf6026f71599be5df29b450ea685a8') in 0.007440 seconds 
  Import took 0.012454 seconds .

========================================================================
Received Import Request.
  Time since last request: 0.000160 seconds.
  path: Assets/ShaderGraph/UniversalRenderPipelineAsset_Renderer.asset
  artifactKey: Guid(811b4c68f5fe2f043bad1ce2805469d5) Importer(815301076,1909f56bfc062723c751e8b465ee728b)
Start importing Assets/ShaderGraph/UniversalRenderPipelineAsset_Renderer.asset using Guid(811b4c68f5fe2f043bad1ce2805469d5) Importer(815301076,1909f56bfc062723c751e8b465ee728b)  -> (artifact id: '1b9ca289ddc65d14b4d4ea92bdb866af') in 0.007698 seconds 
  Import took 0.013034 seconds .

========================================================================
Received Import Request.
  Time since last request: 18.289728 seconds.
  path: Assets/Gradient.png
  artifactKey: Guid(1ac9e220703376942a1170ae7c69f92b) Importer(815301076,1909f56bfc062723c751e8b465ee728b)
Start importing Assets/Gradient.png using Guid(1ac9e220703376942a1170ae7c69f92b) Importer(815301076,1909f56bfc062723c751e8b465ee728b)  -> (artifact id: 'be515afc3d8294f611989ada3e1662b7') in 0.017498 seconds 
  Import took 0.022821 seconds .

========================================================================
Received Import Request.
  Time since last request: 114.961797 seconds.
  path: Assets/ShaderGraph/New Shader Graph.shadergraph
  artifactKey: Guid(73214ade54d0ad34284947a44c972362) Importer(815301076,1909f56bfc062723c751e8b465ee728b)
Start importing Assets/ShaderGraph/New Shader Graph.shadergraph using Guid(73214ade54d0ad34284947a44c972362) Importer(815301076,1909f56bfc062723c751e8b465ee728b)  -> (artifact id: '2342b50345ad08427762b29478df1656') in 0.004606 seconds 
  Import took 0.009832 seconds .

========================================================================
Received Import Request.
  Time since last request: 6.530209 seconds.
  path: Assets/ShaderGraph/lesson1Shader.shadergraph
  artifactKey: Guid(73214ade54d0ad34284947a44c972362) Importer(815301076,1909f56bfc062723c751e8b465ee728b)
Start importing Assets/ShaderGraph/lesson1Shader.shadergraph using Guid(73214ade54d0ad34284947a44c972362) Importer(815301076,1909f56bfc062723c751e8b465ee728b)  -> (artifact id: '9201f5493d0128bf1c66a0f3c5335941') in 0.007804 seconds 
  Import took 0.013109 seconds .

========================================================================
Received Import Request.
  Time since last request: 12.881406 seconds.
  path: Assets/ShaderGraph/lesson1_material.mat
  artifactKey: Guid(56ca9dc73f31ee847b630a3262f770e9) Importer(815301076,1909f56bfc062723c751e8b465ee728b)
Start importing Assets/ShaderGraph/lesson1_material.mat using Guid(56ca9dc73f31ee847b630a3262f770e9) Importer(815301076,1909f56bfc062723c751e8b465ee728b)  -> (artifact id: '4959dd089ce35a3c0b0facb913f68fb0') in 0.026690 seconds 
  Import took 0.032220 seconds .

========================================================================
Received Import Request.
  Time since last request: 22.922272 seconds.
  path: Assets/ShaderGraph/FlagMaterial.mat
  artifactKey: Guid(e9eb1a0c023c60242ba7ee2d1238f2dd) Importer(815301076,1909f56bfc062723c751e8b465ee728b)
Start importing Assets/ShaderGraph/FlagMaterial.mat using Guid(e9eb1a0c023c60242ba7ee2d1238f2dd) Importer(815301076,1909f56bfc062723c751e8b465ee728b)  -> (artifact id: '88b45d4c99998c3e1012de5d8a3bf719') in 0.016129 seconds 
  Import took 0.022407 seconds .

========================================================================
Received Import Request.
  Time since last request: 37.332841 seconds.
  path: Assets/ShaderGraph/FlagShaderGraph.shadergraph
  artifactKey: Guid(da2f75158f4f7ed47a4b0a575b92cd4a) Importer(815301076,1909f56bfc062723c751e8b465ee728b)
Start importing Assets/ShaderGraph/FlagShaderGraph.shadergraph using Guid(da2f75158f4f7ed47a4b0a575b92cd4a) Importer(815301076,1909f56bfc062723c751e8b465ee728b)  -> (artifact id: '895b9710664d98b28799b28b6bcf1d14') in 0.007976 seconds 
  Import took 0.013503 seconds .

========================================================================
Received Import Request.
  Time since last request: 50115.251144 seconds.
  path: Assets/ShaderGraph/FlagMaterial.mat
  artifactKey: Guid(e9eb1a0c023c60242ba7ee2d1238f2dd) Importer(815301076,1909f56bfc062723c751e8b465ee728b)
Start importing Assets/ShaderGraph/FlagMaterial.mat using Guid(e9eb1a0c023c60242ba7ee2d1238f2dd) Importer(815301076,1909f56bfc062723c751e8b465ee728b)  -> (artifact id: '36809323ba59b38ccad2f0773bc4a626') in 0.049078 seconds 
  Import took 0.055769 seconds .

AssetImportWorkerClient::OnTransportError - code=2 error=End of file
